<?xml version="1.0" encoding="UTF-8"?>
<testsuites>
  <testsuite id="0" name="/Users/ahayder/Desktop/ahayder/amazona-frontend/src/App.test.js" errors="0" package="/Users/ahayder/Desktop/ahayder/amazona-frontend/src/App.test.js" hostname="localhost" tests="1" failures="0" time="0.396" timestamp="2020-11-20T19:43:26">
    <properties>
    </properties>
    <testcase classname="Just a fake test" name="should perform a fake test" time="0">
    </testcase>
    <system-out/>
    <system-err/>
  </testsuite>
</testsuites>